GNU gdb (Ubuntu 7.11.1-0ubuntu1~16.5) 7.11.1
Copyright (C) 2016 Free Software Foundation, Inc.
License GPLv3+: GNU GPL version 3 or later <http://gnu.org/licenses/gpl.html>
This is free software: you are free to change and redistribute it.
There is NO WARRANTY, to the extent permitted by law.  Type "show copying"
and "show warranty" for details.
This GDB was configured as "x86_64-linux-gnu".
Type "show configuration" for configuration details.
For bug reporting instructions, please see:
<http://www.gnu.org/software/gdb/bugs/>.
Find the GDB manual and other documentation resources online at:
<http://www.gnu.org/software/gdb/documentation/>.
For help, type "help".
Type "apropos word" to search for commands related to "word"...
Reading symbols from prog...(no debugging symbols found)...done.
Breakpoint 1 at 0x4005b6

Breakpoint 1, 0x00000000004005b6 in multstore ()
$1 = 0x7fffffffdb68
$2 = 0x4005b6
0x00000000004005ba in multstore ()
$3 = 0x4005ba
0x00000000004005c3 in multstore ()
$4 = 0x4005c3
2 * 3 --> 6
[Inferior 1 (process 8760) exited normally]
